This is pdfTeX, Version 3.141592653-2.6-1.40.26 (TeX Live 2024) (preloaded format=pdflatex 2024.4.22)  8 MAY 2024 19:52
entering extended mode
 restricted \write18 enabled.
 %&-line parsing enabled.
**C:/texlive/2024/bin/windows/pdflatex.exe -output-directory=D:\Repositories\BD
 github\BD\src\tex D:\Repositories\BD github\BD\src\tex\Betono kubelinio stipri
o nustatymas LST EN 12390-3.tex
(c:/texlive/2024/bin/windows/pdflatex.exe
LaTeX2e <2023-11-01> patch level 1
L3 programming layer <2024-03-14>

! LaTeX Error: Missing \begin{document}.

See the LaTeX manual or LaTeX Companion for explanation.
Type  H <return>  for immediate help.
 ...                                              
                                                  
l.1 M
     Zê^^@^^C^^@^^@^^@^^D^^@^^@^^@ˇˇ^^@^^@∏^^@^^@^^@^^@^^@^^@^^@@^^@^^@^^@^^...

? 
! Emergency stop.
 ...                                              
                                                  
l.1 M
     Zê^^@^^C^^@^^@^^@^^D^^@^^@^^@ˇˇ^^@^^@∏^^@^^@^^@^^@^^@^^@^^@@^^@^^@^^@^^...

You're in trouble here.  Try typing  <return>  to proceed.
If that doesn't work, type  X <return>  to quit.

 
Here is how much of TeX's memory you used:
 17 strings out of 474103
 587 string characters out of 5747481
 1925496 words of memory out of 5000000
 22487 multiletter control sequences out of 15000+600000
 558069 words of font info for 36 fonts, out of 8000000 for 9000
 1141 hyphenation exceptions out of 8191
 15i,0n,18p,340b,14s stack positions out of 10000i,1000n,20000p,200000b,200000s
!  ==> Fatal error occurred, no output PDF file produced!
